<?xml version="1.0" encoding="UTF-8"?>
<testng-results skipped="0" failed="0" ignored="0" total="2" passed="2">
  <reporter-output>
  </reporter-output>
  <suite name="Default suite" duration-ms="693" started-at="2020-07-09T11:27:14Z" finished-at="2020-07-09T11:27:15Z">
    <groups>
    </groups>
    <test name="Default test" duration-ms="693" started-at="2020-07-09T11:27:14Z" finished-at="2020-07-09T11:27:15Z">
      <class name="runner.test02">
        <test-method status="PASS" signature="send()[pri:0, instance:runner.test02@3f1c5af9]" name="send" duration-ms="302" started-at="2020-07-09T11:27:15Z" finished-at="2020-07-09T11:27:15Z">
          <reporter-output>
          </reporter-output>
        </test-method> <!-- send -->
        <test-method status="PASS" signature="test()[pri:0, instance:runner.test02@3f1c5af9]" name="test" duration-ms="4" started-at="2020-07-09T11:27:15Z" finished-at="2020-07-09T11:27:15Z">
          <reporter-output>
          </reporter-output>
        </test-method> <!-- test -->
      </class> <!-- runner.test02 -->
    </test> <!-- Default test -->
  </suite> <!-- Default suite -->
</testng-results>
