<?xml version="1.0" encoding="UTF-8"?>
<testng-results skipped="0" failed="0" ignored="0" total="1" passed="1">
  <reporter-output>
  </reporter-output>
  <suite name="Default suite" duration-ms="57" started-at="2020-06-29T11:10:20Z" finished-at="2020-06-29T11:10:20Z">
    <groups>
    </groups>
    <test name="Default test" duration-ms="57" started-at="2020-06-29T11:10:20Z" finished-at="2020-06-29T11:10:20Z">
      <class name="runner.getPayOn">
        <test-method status="PASS" signature="getInfo()[pri:0, instance:runner.getPayOn@5622fdf]" name="getInfo" duration-ms="20" started-at="2020-06-29T11:10:20Z" finished-at="2020-06-29T11:10:20Z">
          <reporter-output>
          </reporter-output>
        </test-method> <!-- getInfo -->
      </class> <!-- runner.getPayOn -->
    </test> <!-- Default test -->
  </suite> <!-- Default suite -->
</testng-results>
